[0m10:13:27.553263 [debug] [MainThread]: Sending event: {'category': 'dbt', 'action': 'invocation', 'label': 'start', 'context': [<snowplow_tracker.self_describing_json.SelfDescribingJson object at 0x106ad5a20>, <snowplow_tracker.self_describing_json.SelfDescribingJson object at 0x1101bab60>, <snowplow_tracker.self_describing_json.SelfDescribingJson object at 0x1101ba440>]}


============================== 10:13:27.556117 | 2600d367-7dac-434a-bb01-42024f92d225 ==============================
[0m10:13:27.556117 [info ] [MainThread]: Running with dbt=1.5.0
[0m10:13:27.556471 [debug] [MainThread]: running dbt with arguments {'printer_width': '80', 'indirect_selection': 'eager', 'log_cache_events': 'False', 'write_json': 'True', 'partial_parse': 'True', 'cache_selected_only': 'False', 'profiles_dir': '/Users/henri/.dbt', 'version_check': 'True', 'warn_error': 'None', 'log_path': 'logs', 'debug': 'False', 'fail_fast': 'False', 'use_colors': 'True', 'use_experimental_parser': 'False', 'no_print': 'None', 'quiet': 'False', 'log_format': 'default', 'static_parser': 'True', 'warn_error_options': 'WarnErrorOptions(include=[], exclude=[])', 'introspect': 'True', 'target_path': 'None', 'send_anonymous_usage_stats': 'True'}
[0m10:13:27.557222 [debug] [MainThread]: Starter project path: /opt/homebrew/lib/python3.10/site-packages/dbt/include/starter_project
[0m10:13:37.682479 [info ] [MainThread]: 
Your new dbt project "learning_dbt" was created!

For more information on how to configure the profiles.yml file,
please consult the dbt documentation here:

  https://docs.getdbt.com/docs/configure-your-profile

One more thing:

Need help? Don't hesitate to reach out to us via GitHub issues or on Slack:

  https://community.getdbt.com/

Happy modeling!

[0m10:13:37.683007 [debug] [MainThread]: Command `dbt init` succeeded at 10:13:37.682923 after 10.16 seconds
[0m10:13:37.683220 [debug] [MainThread]: Sending event: {'category': 'dbt', 'action': 'invocation', 'label': 'end', 'context': [<snowplow_tracker.self_describing_json.SelfDescribingJson object at 0x106ad5a20>, <snowplow_tracker.self_describing_json.SelfDescribingJson object at 0x1101bac50>, <snowplow_tracker.self_describing_json.SelfDescribingJson object at 0x1101bab60>]}
[0m10:13:37.683448 [debug] [MainThread]: Flushing usage events
[0m14:28:09.253614 [debug] [MainThread]: Sending event: {'category': 'dbt', 'action': 'invocation', 'label': 'start', 'context': [<snowplow_tracker.self_describing_json.SelfDescribingJson object at 0x106ee2fd0>, <snowplow_tracker.self_describing_json.SelfDescribingJson object at 0x10810ae80>, <snowplow_tracker.self_describing_json.SelfDescribingJson object at 0x1081518b0>]}


============================== 14:28:09.256975 | b98a430e-2b88-4083-88dc-23144236764b ==============================
[0m14:28:09.256975 [info ] [MainThread]: Running with dbt=1.5.0
[0m14:28:09.257368 [debug] [MainThread]: running dbt with arguments {'printer_width': '80', 'indirect_selection': 'eager', 'log_cache_events': 'False', 'write_json': 'True', 'partial_parse': 'True', 'cache_selected_only': 'False', 'warn_error': 'None', 'debug': 'False', 'fail_fast': 'False', 'log_path': 'logs', 'profiles_dir': '/Users/henri/.dbt', 'version_check': 'True', 'use_colors': 'True', 'use_experimental_parser': 'False', 'no_print': 'None', 'quiet': 'False', 'warn_error_options': 'WarnErrorOptions(include=[], exclude=[])', 'introspect': 'True', 'static_parser': 'True', 'log_format': 'default', 'target_path': 'None', 'send_anonymous_usage_stats': 'True'}
[0m14:28:09.257770 [error] [MainThread]: Encountered an error:
Runtime Error
  No dbt_project.yml found at expected path /Users/henri/Documents/learning_dbt/dbt_project.yml
  Verify that each entry within packages.yml (and their transitive dependencies) contains a file named dbt_project.yml
  
[0m14:28:09.258216 [debug] [MainThread]: Command `dbt run` failed at 14:28:09.258143 after 0.03 seconds
[0m14:28:09.258413 [debug] [MainThread]: Sending event: {'category': 'dbt', 'action': 'invocation', 'label': 'end', 'context': [<snowplow_tracker.self_describing_json.SelfDescribingJson object at 0x106ee2fd0>, <snowplow_tracker.self_describing_json.SelfDescribingJson object at 0x10810ad00>, <snowplow_tracker.self_describing_json.SelfDescribingJson object at 0x10810ab80>]}
[0m14:28:09.258613 [debug] [MainThread]: Flushing usage events
